[main]	INFO	profile include tests: None
[main]	INFO	profile exclude tests: None
[main]	INFO	cli include tests: None
[main]	INFO	cli exclude tests: None
[main]	INFO	running on Python 3.12.1
Run started:2025-11-16 14:45:14.514004

Test results:
	No issues identified.

Code scanned:
	Total lines of code: 540
	Total lines skipped (#nosec): 0
	Total potential issues skipped due to specifically being disabled (e.g., #nosec BXXX): 0

Run metrics:
	Total issues (by severity):
		Undefined: 0
		Low: 1
		Medium: 0
		High: 0
	Total issues (by confidence):
		Undefined: 0
		Low: 0
		Medium: 0
		High: 1
Files skipped (0):
