Requirement already satisfied: pip-audit in ./.venv/lib/python3.12/site-packages (2.9.0)
Requirement already satisfied: CacheControl>=0.13.0 in ./.venv/lib/python3.12/site-packages (from CacheControl[filecache]>=0.13.0->pip-audit) (0.14.4)
Requirement already satisfied: cyclonedx-python-lib<10,>=5 in ./.venv/lib/python3.12/site-packages (from pip-audit) (9.1.0)
Requirement already satisfied: packaging>=23.0.0 in ./.venv/lib/python3.12/site-packages (from pip-audit) (25.0)
Requirement already satisfied: pip-api>=0.0.28 in ./.venv/lib/python3.12/site-packages (from pip-audit) (0.0.34)
Requirement already satisfied: pip-requirements-parser>=32.0.0 in ./.venv/lib/python3.12/site-packages (from pip-audit) (32.0.1)
Requirement already satisfied: requests>=2.31.0 in ./.venv/lib/python3.12/site-packages (from pip-audit) (2.32.5)
Requirement already satisfied: rich>=12.4 in ./.venv/lib/python3.12/site-packages (from pip-audit) (14.2.0)
Requirement already satisfied: toml>=0.10 in ./.venv/lib/python3.12/site-packages (from pip-audit) (0.10.2)
Requirement already satisfied: platformdirs>=4.2.0 in ./.venv/lib/python3.12/site-packages (from pip-audit) (4.5.0)
Requirement already satisfied: license-expression<31,>=30 in ./.venv/lib/python3.12/site-packages (from cyclonedx-python-lib<10,>=5->pip-audit) (30.4.4)
Requirement already satisfied: packageurl-python<2,>=0.11 in ./.venv/lib/python3.12/site-packages (from cyclonedx-python-lib<10,>=5->pip-audit) (0.17.6)
Requirement already satisfied: py-serializable<3.0.0,>=2.0.0 in ./.venv/lib/python3.12/site-packages (from cyclonedx-python-lib<10,>=5->pip-audit) (2.1.0)
Requirement already satisfied: sortedcontainers<3.0.0,>=2.4.0 in ./.venv/lib/python3.12/site-packages (from cyclonedx-python-lib<10,>=5->pip-audit) (2.4.0)
Requirement already satisfied: boolean.py>=4.0 in ./.venv/lib/python3.12/site-packages (from license-expression<31,>=30->cyclonedx-python-lib<10,>=5->pip-audit) (5.0)
Requirement already satisfied: defusedxml<0.8.0,>=0.7.1 in ./.venv/lib/python3.12/site-packages (from py-serializable<3.0.0,>=2.0.0->cyclonedx-python-lib<10,>=5->pip-audit) (0.7.1)
Requirement already satisfied: msgpack<2.0.0,>=0.5.2 in ./.venv/lib/python3.12/site-packages (from CacheControl>=0.13.0->CacheControl[filecache]>=0.13.0->pip-audit) (1.1.2)
Requirement already satisfied: filelock>=3.8.0 in ./.venv/lib/python3.12/site-packages (from CacheControl[filecache]>=0.13.0->pip-audit) (3.20.0)
Requirement already satisfied: pip in ./.venv/lib/python3.12/site-packages (from pip-api>=0.0.28->pip-audit) (25.3)
Requirement already satisfied: pyparsing in ./.venv/lib/python3.12/site-packages (from pip-requirements-parser>=32.0.0->pip-audit) (3.2.5)
Requirement already satisfied: charset_normalizer<4,>=2 in ./.venv/lib/python3.12/site-packages (from requests>=2.31.0->pip-audit) (3.4.4)
Requirement already satisfied: idna<4,>=2.5 in ./.venv/lib/python3.12/site-packages (from requests>=2.31.0->pip-audit) (3.11)
Requirement already satisfied: urllib3<3,>=1.21.1 in ./.venv/lib/python3.12/site-packages (from requests>=2.31.0->pip-audit) (2.5.0)
Requirement already satisfied: certifi>=2017.4.17 in ./.venv/lib/python3.12/site-packages (from requests>=2.31.0->pip-audit) (2025.11.12)
Requirement already satisfied: markdown-it-py>=2.2.0 in ./.venv/lib/python3.12/site-packages (from rich>=12.4->pip-audit) (4.0.0)
Requirement already satisfied: pygments<3.0.0,>=2.13.0 in ./.venv/lib/python3.12/site-packages (from rich>=12.4->pip-audit) (2.19.2)
Requirement already satisfied: mdurl~=0.1 in ./.venv/lib/python3.12/site-packages (from markdown-it-py>=2.2.0->rich>=12.4->pip-audit) (0.1.2)
